<?xml version="1.0" encoding="UTF-8"?>
<!-- Generated by org.testng.reporters.JUnitReportReporter -->
<testsuite hostname="DeepuPC" failures="0" tests="1" name="tests.PurchaseFlowTest" time="0.890" errors="0" timestamp="2025-07-11T20:06:50 IST" skipped="0">
  <testcase classname="tests.PurchaseFlowTest" name="testHappyPathPurchase" time="0.890"/>
</testsuite> <!-- tests.PurchaseFlowTest -->
