<?xml version="1.0" encoding="UTF-8"?>
<!-- Generated by org.testng.reporters.JUnitReportReporter -->
<testsuite hostname="DeepuPC" failures="0" tests="1" name="tests.NegativeLoginTest" time="0.301" errors="0" timestamp="2025-07-11T20:04:12 IST" skipped="0">
  <testcase classname="tests.NegativeLoginTest" name="testLockedOutUserLogin" time="0.301"/>
</testsuite> <!-- tests.NegativeLoginTest -->
